<?xml version="1.0" encoding="UTF-8"?>
<!-- Generated by org.testng.reporters.JUnitReportReporter -->
<testsuite hostname="LAPTOP-L4E43QCP" failures="0" tests="3" name="Testng1" time="0.011" errors="0" timestamp="2023-08-30T22:43:29 IST" skipped="0">
  <testcase classname="Testng1" name="signout" time="0.002"/>
  <system-out/>
  <testcase classname="Testng1" name="verify" time="0.001"/>
  <system-out/>
  <testcase classname="Testng1" name="login" time="0.008"/>
  <system-out/>
</testsuite> <!-- Testng1 -->
