<?xml version="1.0" encoding="UTF-8"?>
<!-- Generated by org.testng.reporters.JUnitReportReporter -->
<testsuite hostname="LAPTOP-4VIC74S6" failures="0" tests="1" name="Testng" time="0.014" errors="0" timestamp="2021-12-20T13:24:33 IST" skipped="0">
  <testcase classname="Testng" name="verify" time="0.014"/>
  <system-out/>
</testsuite> <!-- Testng -->
