<?xml version="1.0" encoding="UTF-8"?>
<!-- Generated by org.testng.reporters.JUnitReportReporter -->
<testsuite hostname="LAPTOP-4VIC74S6" failures="0" tests="2" name="Test5" time="0.013" errors="0" timestamp="2021-12-21T14:49:16 IST" skipped="0">
  <testcase classname="Test5" name="first" time="0.010"/>
  <system-out/>
  <testcase classname="Test5" name="test2" time="0.003"/>
  <system-out/>
</testsuite> <!-- Test5 -->
