<?xml version="1.0" encoding="UTF-8"?>
<!-- Generated by org.testng.reporters.JUnitReportReporter -->
<testsuite hostname="LAPTOP-L4E43QCP" failures="0" tests="2" name="Testng3" time="0.009" errors="0" timestamp="2023-04-08T16:33:15 IST" skipped="0">
  <testcase classname="Testng3" name="verify2" time="0.003"/>
  <system-out/>
  <testcase classname="Testng3" name="verify" time="0.006"/>
  <system-out/>
</testsuite> <!-- Testng3 -->
