<?xml version="1.0" encoding="UTF-8"?>
<!-- Generated by org.testng.reporters.JUnitReportReporter -->
<testsuite hostname="LAPTOP-L4E43QCP" failures="0" tests="7" name="Test10Dataprovider" time="0.009" errors="0" timestamp="2024-01-07T11:53:10 IST" skipped="0">
  <testcase classname="Test10Dataprovider" name="testlogin" time="0.000"/>
  <system-out/>
  <testcase classname="Test10Dataprovider" name="receivedata" time="0.001"/>
  <system-out/>
  <testcase classname="Test10Dataprovider" name="fbdata" time="0.004"/>
  <system-out/>
  <testcase classname="Test10Dataprovider" name="receivedata" time="0.001"/>
  <system-out/>
  <testcase classname="Test10Dataprovider" name="testlogin" time="0.002"/>
  <system-out/>
  <testcase classname="Test10Dataprovider" name="testlogin" time="0.000"/>
  <system-out/>
  <testcase classname="Test10Dataprovider" name="fbdata" time="0.001"/>
  <system-out/>
</testsuite> <!-- Test10Dataprovider -->
