<?xml version="1.0" encoding="UTF-8"?>
<!-- Generated by org.testng.reporters.JUnitReportReporter -->
<testsuite hostname="LAPTOP-L4E43QCP" failures="0" tests="1" name="ParalllelTesting" time="2.239" errors="0" timestamp="2024-01-20T18:40:37 IST" skipped="0">
  <testcase classname="ParalllelTesting" name="setup2" time="2.239"/>
  <system-out/>
</testsuite> <!-- ParalllelTesting -->
