<?xml version="1.0" encoding="UTF-8"?>
<!-- Generated by org.testng.reporters.JUnitReportReporter -->
<testsuite hostname="LAPTOP-L4E43QCP" failures="0" tests="2" name="Testannotation2" time="0.010" errors="0" timestamp="2023-11-06T22:11:48 IST" skipped="0">
  <testcase classname="Testannotation2" name="testmode2" time="0.001"/>
  <system-out/>
  <testcase classname="Testannotation2" name="testmode" time="0.009"/>
  <system-out/>
</testsuite> <!-- Testannotation2 -->
