<?xml version="1.0" encoding="UTF-8"?>
<!-- Generated by org.testng.reporters.JUnitReportReporter -->
<testsuite hostname="LAPTOP-4VIC74S6" failures="0" tests="2" name="Testannotation" time="0.008" errors="0" timestamp="2021-12-20T13:20:51 IST" skipped="0">
  <testcase classname="Testannotation" name="testmode" time="0.006"/>
  <system-out/>
  <testcase classname="Testannotation" name="testmode2" time="0.002"/>
  <system-out/>
</testsuite> <!-- Testannotation -->
