<?xml version="1.0" encoding="UTF-8"?>
<!-- Generated by org.testng.reporters.JUnitReportReporter -->
<testsuite hostname="LAPTOP-4VIC74S6" failures="0" tests="2" name="TestDataprovide" time="0.012" errors="0" timestamp="2022-01-04T23:39:23 IST" skipped="0">
  <testcase classname="TestDataprovide" name="fbdata" time="0.008"/>
  <system-out/>
  <testcase classname="TestDataprovide" name="fbdata" time="0.004"/>
  <system-out/>
</testsuite> <!-- TestDataprovide -->
